<?xml version="1.0" encoding="UTF-8"?>
<!-- Generated by org.testng.reporters.JUnitXMLReporter -->
<testsuite hostname="FTDT800" name="Default test" tests="7" failures="0" timestamp="1 Aug 2017 11:27:37 GMT" time="2.947" errors="0">
  <testcase name="testLogin" time="1.775" classname="testScript.HybridExecuteTest"/>
  <testcase name="testLogin" time="0.005" classname="testScript.HybridExecuteTest"/>
  <testcase name="testLogin" time="0.004" classname="testScript.HybridExecuteTest"/>
  <testcase name="testLogin" time="0.005" classname="testScript.HybridExecuteTest"/>
  <testcase name="testLogin" time="0.005" classname="testScript.HybridExecuteTest"/>
  <testcase name="testLogin" time="0.005" classname="testScript.HybridExecuteTest"/>
  <testcase name="testLogin" time="0.004" classname="testScript.HybridExecuteTest"/>
</testsuite> <!-- Default test -->
